
*** Running vivado
    with args -log system_util_ad9361_tdd_sync_0.vds -m64 -product Vivado -mode batch -messageDb vivado.pb -notrace -source system_util_ad9361_tdd_sync_0.tcl


****** Vivado v2021.2 (64-bit)
  **** SW Build 3367213 on Tue Oct 19 02:47:39 MDT 2021
  **** IP Build 3369179 on Thu Oct 21 08:25:16 MDT 2021
    ** Copyright 1986-2021 Xilinx, Inc. All Rights Reserved.

source system_util_ad9361_tdd_sync_0.tcl -notrace
create_project: Time (s): cpu = 00:00:06 ; elapsed = 00:00:09 . Memory (MB): peak = 2861.668 ; gain = 3.992 ; free physical = 145 ; free virtual = 1590
INFO: [IP_Flow 19-234] Refreshing IP repositories
INFO: [IP_Flow 19-1700] Loaded user IP repository '/home/krisemi_satcom/adi/hdl/library'.
INFO: [IP_Flow 19-2313] Loaded Vivado IP repository '/tools/Xilinx/Vivado/2021.2/data/ip'.
Command: synth_design -top system_util_ad9361_tdd_sync_0 -part xc7z020clg484-1 -mode out_of_context
Starting synth_design
Attempting to get a license for feature 'Synthesis' and/or device 'xc7z020'
INFO: [Common 17-349] Got license for feature 'Synthesis' and/or device 'xc7z020'
INFO: [Device 21-403] Loading part xc7z020clg484-1
INFO: [Synth 8-7079] Multithreading enabled for synth_design using a maximum of 4 processes.
INFO: [Synth 8-7078] Launching helper process for spawning children vivado processes
INFO: [Synth 8-7075] Helper process launched with PID 607020
---------------------------------------------------------------------------------
Starting RTL Elaboration : Time (s): cpu = 00:00:05 ; elapsed = 00:00:07 . Memory (MB): peak = 2861.773 ; gain = 0.000 ; free physical = 1020 ; free virtual = 2397
---------------------------------------------------------------------------------
INFO: [Synth 8-6157] synthesizing module 'system_util_ad9361_tdd_sync_0' [/home/krisemi_satcom/adi/hdl/projects/fmcomms2/zc702/fmcomms2_zc702.gen/sources_1/bd/system/ip/system_util_ad9361_tdd_sync_0/synth/system_util_ad9361_tdd_sync_0.v:57]
INFO: [Synth 8-6157] synthesizing module 'util_tdd_sync' [/home/krisemi_satcom/adi/hdl/projects/fmcomms2/zc702/fmcomms2_zc702.gen/sources_1/bd/system/ipshared/bd78/util_tdd_sync.v:44]
INFO: [Synth 8-6157] synthesizing module 'util_pulse_gen' [/home/krisemi_satcom/adi/hdl/projects/fmcomms2/zc702/fmcomms2_zc702.gen/sources_1/bd/system/ipshared/common/util_pulse_gen.v:37]
INFO: [Synth 8-6155] done synthesizing module 'util_pulse_gen' (1#1) [/home/krisemi_satcom/adi/hdl/projects/fmcomms2/zc702/fmcomms2_zc702.gen/sources_1/bd/system/ipshared/common/util_pulse_gen.v:37]
WARNING: [Synth 8-7071] port 'pulse_counter' of module 'util_pulse_gen' is unconnected for instance 'i_tdd_sync' [/home/krisemi_satcom/adi/hdl/projects/fmcomms2/zc702/fmcomms2_zc702.gen/sources_1/bd/system/ipshared/bd78/util_tdd_sync.v:67]
WARNING: [Synth 8-7023] instance 'i_tdd_sync' of module 'util_pulse_gen' has 7 connections declared, but only 6 given [/home/krisemi_satcom/adi/hdl/projects/fmcomms2/zc702/fmcomms2_zc702.gen/sources_1/bd/system/ipshared/bd78/util_tdd_sync.v:67]
INFO: [Synth 8-6155] done synthesizing module 'util_tdd_sync' (2#1) [/home/krisemi_satcom/adi/hdl/projects/fmcomms2/zc702/fmcomms2_zc702.gen/sources_1/bd/system/ipshared/bd78/util_tdd_sync.v:44]
INFO: [Synth 8-6155] done synthesizing module 'system_util_ad9361_tdd_sync_0' (3#1) [/home/krisemi_satcom/adi/hdl/projects/fmcomms2/zc702/fmcomms2_zc702.gen/sources_1/bd/system/ip/system_util_ad9361_tdd_sync_0/synth/system_util_ad9361_tdd_sync_0.v:57]
---------------------------------------------------------------------------------
Finished RTL Elaboration : Time (s): cpu = 00:00:06 ; elapsed = 00:00:09 . Memory (MB): peak = 2861.773 ; gain = 0.000 ; free physical = 229 ; free virtual = 1707
---------------------------------------------------------------------------------
---------------------------------------------------------------------------------
Start Handling Custom Attributes
---------------------------------------------------------------------------------
---------------------------------------------------------------------------------
Finished Handling Custom Attributes : Time (s): cpu = 00:00:07 ; elapsed = 00:00:10 . Memory (MB): peak = 2861.773 ; gain = 0.000 ; free physical = 258 ; free virtual = 1737
---------------------------------------------------------------------------------
---------------------------------------------------------------------------------
Finished RTL Optimization Phase 1 : Time (s): cpu = 00:00:07 ; elapsed = 00:00:10 . Memory (MB): peak = 2861.773 ; gain = 0.000 ; free physical = 258 ; free virtual = 1737
---------------------------------------------------------------------------------
Netlist sorting complete. Time (s): cpu = 00:00:00 ; elapsed = 00:00:00 . Memory (MB): peak = 2861.773 ; gain = 0.000 ; free physical = 269 ; free virtual = 1748
INFO: [Project 1-570] Preparing netlist for logic optimization

Processing XDC Constraints
Initializing timing engine
Parsing XDC File [/home/krisemi_satcom/adi/hdl/projects/fmcomms2/zc702/fmcomms2_zc702.gen/sources_1/bd/system/ip/system_util_ad9361_tdd_sync_0/util_tdd_sync_constr.xdc] for cell 'inst'
Finished Parsing XDC File [/home/krisemi_satcom/adi/hdl/projects/fmcomms2/zc702/fmcomms2_zc702.gen/sources_1/bd/system/ip/system_util_ad9361_tdd_sync_0/util_tdd_sync_constr.xdc] for cell 'inst'
Parsing XDC File [/home/krisemi_satcom/adi/hdl/projects/fmcomms2/zc702/fmcomms2_zc702.runs/system_util_ad9361_tdd_sync_0_synth_1/dont_touch.xdc]
Finished Parsing XDC File [/home/krisemi_satcom/adi/hdl/projects/fmcomms2/zc702/fmcomms2_zc702.runs/system_util_ad9361_tdd_sync_0_synth_1/dont_touch.xdc]
Completed Processing XDC Constraints

Netlist sorting complete. Time (s): cpu = 00:00:00 ; elapsed = 00:00:00 . Memory (MB): peak = 2893.684 ; gain = 0.000 ; free physical = 1104 ; free virtual = 2584
INFO: [Project 1-111] Unisim Transformation Summary:
No Unisim elements were transformed.

Constraint Validation Runtime : Time (s): cpu = 00:00:00.02 ; elapsed = 00:00:00.02 . Memory (MB): peak = 2893.684 ; gain = 0.000 ; free physical = 1104 ; free virtual = 2584
---------------------------------------------------------------------------------
Finished Constraint Validation : Time (s): cpu = 00:00:14 ; elapsed = 00:00:18 . Memory (MB): peak = 2893.684 ; gain = 31.910 ; free physical = 1074 ; free virtual = 2573
---------------------------------------------------------------------------------
---------------------------------------------------------------------------------
Start Loading Part and Timing Information
---------------------------------------------------------------------------------
Loading part: xc7z020clg484-1
---------------------------------------------------------------------------------
Finished Loading Part and Timing Information : Time (s): cpu = 00:00:14 ; elapsed = 00:00:18 . Memory (MB): peak = 2893.684 ; gain = 31.910 ; free physical = 1074 ; free virtual = 2573
---------------------------------------------------------------------------------
---------------------------------------------------------------------------------
Start Applying 'set_property' XDC Constraints
---------------------------------------------------------------------------------
Applied set_property ASYNC_REG = true for inst/sync_mode_d1_i. (constraint file  /home/krisemi_satcom/adi/hdl/projects/fmcomms2/zc702/fmcomms2_zc702.gen/sources_1/bd/system/ip/system_util_ad9361_tdd_sync_0/util_tdd_sync_constr.xdc, line 2).
Applied set_property ASYNC_REG = true for inst/sync_mode_d1_reg. (constraint file  /home/krisemi_satcom/adi/hdl/projects/fmcomms2/zc702/fmcomms2_zc702.gen/sources_1/bd/system/ip/system_util_ad9361_tdd_sync_0/util_tdd_sync_constr.xdc, line 2).
Applied set_property ASYNC_REG = true for inst/sync_mode_d2_i. (constraint file  /home/krisemi_satcom/adi/hdl/projects/fmcomms2/zc702/fmcomms2_zc702.gen/sources_1/bd/system/ip/system_util_ad9361_tdd_sync_0/util_tdd_sync_constr.xdc, line 2).
Applied set_property ASYNC_REG = true for inst/sync_mode_d2_reg. (constraint file  /home/krisemi_satcom/adi/hdl/projects/fmcomms2/zc702/fmcomms2_zc702.gen/sources_1/bd/system/ip/system_util_ad9361_tdd_sync_0/util_tdd_sync_constr.xdc, line 2).
Applied set_property KEEP_HIERARCHY = SOFT for inst. (constraint file  /home/krisemi_satcom/adi/hdl/projects/fmcomms2/zc702/fmcomms2_zc702.runs/system_util_ad9361_tdd_sync_0_synth_1/dont_touch.xdc, line 9).
---------------------------------------------------------------------------------
Finished applying 'set_property' XDC Constraints : Time (s): cpu = 00:00:14 ; elapsed = 00:00:18 . Memory (MB): peak = 2893.684 ; gain = 31.910 ; free physical = 1069 ; free virtual = 2576
---------------------------------------------------------------------------------
---------------------------------------------------------------------------------
Finished RTL Optimization Phase 2 : Time (s): cpu = 00:00:15 ; elapsed = 00:00:18 . Memory (MB): peak = 2893.684 ; gain = 31.910 ; free physical = 417 ; free virtual = 1974
---------------------------------------------------------------------------------
---------------------------------------------------------------------------------
Start RTL Component Statistics 
---------------------------------------------------------------------------------
Detailed RTL Component Info : 
+---Adders : 
	   2 Input   32 Bit       Adders := 1     
+---Registers : 
	               32 Bit    Registers := 5     
	                1 Bit    Registers := 4     
+---Muxes : 
	   2 Input   32 Bit        Muxes := 1     
	   2 Input    1 Bit        Muxes := 2     
---------------------------------------------------------------------------------
Finished RTL Component Statistics 
---------------------------------------------------------------------------------
---------------------------------------------------------------------------------
Start Part Resource Summary
---------------------------------------------------------------------------------
Part Resources:
DSPs: 220 (col length:60)
BRAMs: 280 (col length: RAMB18 60 RAMB36 30)
---------------------------------------------------------------------------------
Finished Part Resource Summary
---------------------------------------------------------------------------------
---------------------------------------------------------------------------------
Start Cross Boundary and Area Optimization
---------------------------------------------------------------------------------
WARNING: [Synth 8-7080] Parallel synthesis criteria is not met
---------------------------------------------------------------------------------
Finished Cross Boundary and Area Optimization : Time (s): cpu = 00:00:17 ; elapsed = 00:00:21 . Memory (MB): peak = 2893.684 ; gain = 31.910 ; free physical = 125 ; free virtual = 1269
---------------------------------------------------------------------------------
---------------------------------------------------------------------------------
Start Applying XDC Timing Constraints
---------------------------------------------------------------------------------
---------------------------------------------------------------------------------
Finished Applying XDC Timing Constraints : Time (s): cpu = 00:00:24 ; elapsed = 00:00:29 . Memory (MB): peak = 2893.684 ; gain = 31.910 ; free physical = 878 ; free virtual = 2057
---------------------------------------------------------------------------------
---------------------------------------------------------------------------------
Start Timing Optimization
---------------------------------------------------------------------------------
---------------------------------------------------------------------------------
Finished Timing Optimization : Time (s): cpu = 00:00:24 ; elapsed = 00:00:29 . Memory (MB): peak = 2893.684 ; gain = 31.910 ; free physical = 878 ; free virtual = 2057
---------------------------------------------------------------------------------
---------------------------------------------------------------------------------
Start Technology Mapping
---------------------------------------------------------------------------------
---------------------------------------------------------------------------------
Finished Technology Mapping : Time (s): cpu = 00:00:24 ; elapsed = 00:00:29 . Memory (MB): peak = 2893.684 ; gain = 31.910 ; free physical = 861 ; free virtual = 2040
---------------------------------------------------------------------------------
---------------------------------------------------------------------------------
Start IO Insertion
---------------------------------------------------------------------------------
---------------------------------------------------------------------------------
Start Flattening Before IO Insertion
---------------------------------------------------------------------------------
---------------------------------------------------------------------------------
Finished Flattening Before IO Insertion
---------------------------------------------------------------------------------
---------------------------------------------------------------------------------
Start Final Netlist Cleanup
---------------------------------------------------------------------------------
---------------------------------------------------------------------------------
Finished Final Netlist Cleanup
---------------------------------------------------------------------------------
---------------------------------------------------------------------------------
Finished IO Insertion : Time (s): cpu = 00:00:29 ; elapsed = 00:00:35 . Memory (MB): peak = 2893.684 ; gain = 31.910 ; free physical = 648 ; free virtual = 1888
---------------------------------------------------------------------------------
---------------------------------------------------------------------------------
Start Renaming Generated Instances
---------------------------------------------------------------------------------
---------------------------------------------------------------------------------
Finished Renaming Generated Instances : Time (s): cpu = 00:00:29 ; elapsed = 00:00:35 . Memory (MB): peak = 2893.684 ; gain = 31.910 ; free physical = 648 ; free virtual = 1888
---------------------------------------------------------------------------------
---------------------------------------------------------------------------------
Start Rebuilding User Hierarchy
---------------------------------------------------------------------------------
---------------------------------------------------------------------------------
Finished Rebuilding User Hierarchy : Time (s): cpu = 00:00:29 ; elapsed = 00:00:35 . Memory (MB): peak = 2893.684 ; gain = 31.910 ; free physical = 646 ; free virtual = 1887
---------------------------------------------------------------------------------
---------------------------------------------------------------------------------
Start Renaming Generated Ports
---------------------------------------------------------------------------------
---------------------------------------------------------------------------------
Finished Renaming Generated Ports : Time (s): cpu = 00:00:29 ; elapsed = 00:00:35 . Memory (MB): peak = 2893.684 ; gain = 31.910 ; free physical = 646 ; free virtual = 1886
---------------------------------------------------------------------------------
---------------------------------------------------------------------------------
Start Handling Custom Attributes
---------------------------------------------------------------------------------
---------------------------------------------------------------------------------
Finished Handling Custom Attributes : Time (s): cpu = 00:00:29 ; elapsed = 00:00:35 . Memory (MB): peak = 2893.684 ; gain = 31.910 ; free physical = 645 ; free virtual = 1885
---------------------------------------------------------------------------------
---------------------------------------------------------------------------------
Start Renaming Generated Nets
---------------------------------------------------------------------------------
---------------------------------------------------------------------------------
Finished Renaming Generated Nets : Time (s): cpu = 00:00:29 ; elapsed = 00:00:35 . Memory (MB): peak = 2893.684 ; gain = 31.910 ; free physical = 645 ; free virtual = 1885
---------------------------------------------------------------------------------
---------------------------------------------------------------------------------
Start Writing Synthesis Report
---------------------------------------------------------------------------------

Report BlackBoxes: 
+-+--------------+----------+
| |BlackBox name |Instances |
+-+--------------+----------+
+-+--------------+----------+

Report Cell Usage: 
+------+-------+------+
|      |Cell   |Count |
+------+-------+------+
|1     |CARRY4 |    11|
|2     |LUT1   |    32|
|3     |LUT2   |     3|
|4     |LUT3   |    20|
|5     |LUT4   |     3|
|6     |LUT5   |     1|
|7     |LUT6   |     5|
|8     |FDRE   |    28|
|9     |FDSE   |    10|
+------+-------+------+
---------------------------------------------------------------------------------
Finished Writing Synthesis Report : Time (s): cpu = 00:00:29 ; elapsed = 00:00:35 . Memory (MB): peak = 2893.684 ; gain = 31.910 ; free physical = 644 ; free virtual = 1885
---------------------------------------------------------------------------------
Synthesis finished with 0 errors, 0 critical warnings and 1 warnings.
Synthesis Optimization Runtime : Time (s): cpu = 00:00:27 ; elapsed = 00:00:33 . Memory (MB): peak = 2893.684 ; gain = 0.000 ; free physical = 688 ; free virtual = 1928
Synthesis Optimization Complete : Time (s): cpu = 00:00:29 ; elapsed = 00:00:35 . Memory (MB): peak = 2893.691 ; gain = 31.910 ; free physical = 688 ; free virtual = 1928
INFO: [Project 1-571] Translating synthesized netlist
Netlist sorting complete. Time (s): cpu = 00:00:00 ; elapsed = 00:00:00 . Memory (MB): peak = 2893.691 ; gain = 0.000 ; free physical = 680 ; free virtual = 1924
INFO: [Netlist 29-17] Analyzing 11 Unisim elements for replacement
INFO: [Netlist 29-28] Unisim Transformation completed in 0 CPU seconds
INFO: [Project 1-570] Preparing netlist for logic optimization
INFO: [Opt 31-138] Pushed 0 inverter(s) to 0 load pin(s).
Netlist sorting complete. Time (s): cpu = 00:00:00 ; elapsed = 00:00:00 . Memory (MB): peak = 2893.691 ; gain = 0.000 ; free physical = 663 ; free virtual = 1914
INFO: [Project 1-111] Unisim Transformation Summary:
No Unisim elements were transformed.

Synth Design complete, checksum: 1e1be5a4
INFO: [Common 17-83] Releasing license: Synthesis
23 Infos, 3 Warnings, 0 Critical Warnings and 0 Errors encountered.
synth_design completed successfully
synth_design: Time (s): cpu = 00:00:41 ; elapsed = 00:00:42 . Memory (MB): peak = 2893.691 ; gain = 32.023 ; free physical = 825 ; free virtual = 2076
INFO: [Common 17-1381] The checkpoint '/home/krisemi_satcom/adi/hdl/projects/fmcomms2/zc702/fmcomms2_zc702.runs/system_util_ad9361_tdd_sync_0_synth_1/system_util_ad9361_tdd_sync_0.dcp' has been generated.
INFO: [Coretcl 2-1648] Added synthesis output to IP cache for IP system_util_ad9361_tdd_sync_0, cache-ID = e6a33f56b9f9a658
INFO: [Coretcl 2-1174] Renamed 2 cell refs.
INFO: [Common 17-1381] The checkpoint '/home/krisemi_satcom/adi/hdl/projects/fmcomms2/zc702/fmcomms2_zc702.runs/system_util_ad9361_tdd_sync_0_synth_1/system_util_ad9361_tdd_sync_0.dcp' has been generated.
INFO: [runtcl-4] Executing : report_utilization -file system_util_ad9361_tdd_sync_0_utilization_synth.rpt -pb system_util_ad9361_tdd_sync_0_utilization_synth.pb
INFO: [Common 17-206] Exiting Vivado at Thu Jun 20 19:12:11 2024...
