
*** Running vivado
    with args -log system_rom_sys_0_0.vds -m64 -product Vivado -mode batch -messageDb vivado.pb -notrace -source system_rom_sys_0_0.tcl


****** Vivado v2021.2 (64-bit)
  **** SW Build 3367213 on Tue Oct 19 02:47:39 MDT 2021
  **** IP Build 3369179 on Thu Oct 21 08:25:16 MDT 2021
    ** Copyright 1986-2021 Xilinx, Inc. All Rights Reserved.

source system_rom_sys_0_0.tcl -notrace
create_project: Time (s): cpu = 00:00:05 ; elapsed = 00:00:09 . Memory (MB): peak = 2857.699 ; gain = 0.023 ; free physical = 1294 ; free virtual = 3909
INFO: [IP_Flow 19-234] Refreshing IP repositories
INFO: [IP_Flow 19-1700] Loaded user IP repository '/home/krisemi_satcom/adi/hdl/library'.
INFO: [IP_Flow 19-2313] Loaded Vivado IP repository '/tools/Xilinx/Vivado/2021.2/data/ip'.
Command: synth_design -top system_rom_sys_0_0 -part xc7z020clg484-1 -mode out_of_context
Starting synth_design
Attempting to get a license for feature 'Synthesis' and/or device 'xc7z020'
INFO: [Common 17-349] Got license for feature 'Synthesis' and/or device 'xc7z020'
INFO: [Device 21-403] Loading part xc7z020clg484-1
INFO: [Synth 8-7079] Multithreading enabled for synth_design using a maximum of 4 processes.
INFO: [Synth 8-7078] Launching helper process for spawning children vivado processes
INFO: [Synth 8-7075] Helper process launched with PID 606356
---------------------------------------------------------------------------------
Starting RTL Elaboration : Time (s): cpu = 00:00:05 ; elapsed = 00:00:09 . Memory (MB): peak = 2857.805 ; gain = 0.000 ; free physical = 429 ; free virtual = 2545
---------------------------------------------------------------------------------
INFO: [Synth 8-6157] synthesizing module 'system_rom_sys_0_0' [/home/krisemi_satcom/adi/hdl/projects/fmcomms2/zc702/fmcomms2_zc702.gen/sources_1/bd/system/ip/system_rom_sys_0_0/synth/system_rom_sys_0_0.v:57]
INFO: [Synth 8-6157] synthesizing module 'sysid_rom' [/home/krisemi_satcom/adi/hdl/projects/fmcomms2/zc702/fmcomms2_zc702.gen/sources_1/bd/system/ipshared/ecb0/sysid_rom.v:37]
INFO: [Synth 8-3876] $readmem data file '/home/krisemi_satcom/adi/hdl/projects/fmcomms2/zc702/mem_init_sys.txt' is read successfully [/home/krisemi_satcom/adi/hdl/projects/fmcomms2/zc702/fmcomms2_zc702.gen/sources_1/bd/system/ipshared/ecb0/sysid_rom.v:50]
INFO: [Synth 8-6155] done synthesizing module 'sysid_rom' (1#1) [/home/krisemi_satcom/adi/hdl/projects/fmcomms2/zc702/fmcomms2_zc702.gen/sources_1/bd/system/ipshared/ecb0/sysid_rom.v:37]
INFO: [Synth 8-6155] done synthesizing module 'system_rom_sys_0_0' (2#1) [/home/krisemi_satcom/adi/hdl/projects/fmcomms2/zc702/fmcomms2_zc702.gen/sources_1/bd/system/ip/system_rom_sys_0_0/synth/system_rom_sys_0_0.v:57]
---------------------------------------------------------------------------------
Finished RTL Elaboration : Time (s): cpu = 00:00:06 ; elapsed = 00:00:12 . Memory (MB): peak = 2857.805 ; gain = 0.000 ; free physical = 216 ; free virtual = 1526
---------------------------------------------------------------------------------
---------------------------------------------------------------------------------
Start Handling Custom Attributes
---------------------------------------------------------------------------------
---------------------------------------------------------------------------------
Finished Handling Custom Attributes : Time (s): cpu = 00:00:07 ; elapsed = 00:00:13 . Memory (MB): peak = 2857.805 ; gain = 0.000 ; free physical = 123 ; free virtual = 1463
---------------------------------------------------------------------------------
---------------------------------------------------------------------------------
Finished RTL Optimization Phase 1 : Time (s): cpu = 00:00:07 ; elapsed = 00:00:13 . Memory (MB): peak = 2857.805 ; gain = 0.000 ; free physical = 123 ; free virtual = 1463
---------------------------------------------------------------------------------
Netlist sorting complete. Time (s): cpu = 00:00:00 ; elapsed = 00:00:00 . Memory (MB): peak = 2857.805 ; gain = 0.000 ; free physical = 132 ; free virtual = 1471
INFO: [Project 1-570] Preparing netlist for logic optimization

Processing XDC Constraints
Initializing timing engine
Completed Processing XDC Constraints

Netlist sorting complete. Time (s): cpu = 00:00:00 ; elapsed = 00:00:00 . Memory (MB): peak = 2889.715 ; gain = 0.000 ; free physical = 796 ; free virtual = 2208
INFO: [Project 1-111] Unisim Transformation Summary:
No Unisim elements were transformed.

Constraint Validation Runtime : Time (s): cpu = 00:00:00.01 ; elapsed = 00:00:00.02 . Memory (MB): peak = 2889.715 ; gain = 0.000 ; free physical = 796 ; free virtual = 2208
---------------------------------------------------------------------------------
Finished Constraint Validation : Time (s): cpu = 00:00:14 ; elapsed = 00:00:22 . Memory (MB): peak = 2889.715 ; gain = 31.910 ; free physical = 508 ; free virtual = 2005
---------------------------------------------------------------------------------
---------------------------------------------------------------------------------
Start Loading Part and Timing Information
---------------------------------------------------------------------------------
Loading part: xc7z020clg484-1
---------------------------------------------------------------------------------
Finished Loading Part and Timing Information : Time (s): cpu = 00:00:14 ; elapsed = 00:00:22 . Memory (MB): peak = 2889.715 ; gain = 31.910 ; free physical = 507 ; free virtual = 2004
---------------------------------------------------------------------------------
---------------------------------------------------------------------------------
Start Applying 'set_property' XDC Constraints
---------------------------------------------------------------------------------
---------------------------------------------------------------------------------
Finished applying 'set_property' XDC Constraints : Time (s): cpu = 00:00:14 ; elapsed = 00:00:22 . Memory (MB): peak = 2889.715 ; gain = 31.910 ; free physical = 506 ; free virtual = 2003
---------------------------------------------------------------------------------
---------------------------------------------------------------------------------
Finished RTL Optimization Phase 2 : Time (s): cpu = 00:00:14 ; elapsed = 00:00:23 . Memory (MB): peak = 2889.715 ; gain = 31.910 ; free physical = 474 ; free virtual = 1973
---------------------------------------------------------------------------------
---------------------------------------------------------------------------------
Start RTL Component Statistics 
---------------------------------------------------------------------------------
Detailed RTL Component Info : 
+---Registers : 
	               32 Bit    Registers := 1     
+---Muxes : 
	 513 Input   32 Bit        Muxes := 1     
---------------------------------------------------------------------------------
Finished RTL Component Statistics 
---------------------------------------------------------------------------------
---------------------------------------------------------------------------------
Start Part Resource Summary
---------------------------------------------------------------------------------
Part Resources:
DSPs: 220 (col length:60)
BRAMs: 280 (col length: RAMB18 60 RAMB36 30)
---------------------------------------------------------------------------------
Finished Part Resource Summary
---------------------------------------------------------------------------------
---------------------------------------------------------------------------------
Start Cross Boundary and Area Optimization
---------------------------------------------------------------------------------
WARNING: [Synth 8-7080] Parallel synthesis criteria is not met
---------------------------------------------------------------------------------
Finished Cross Boundary and Area Optimization : Time (s): cpu = 00:00:16 ; elapsed = 00:00:26 . Memory (MB): peak = 2889.715 ; gain = 31.910 ; free physical = 302 ; free virtual = 2074
---------------------------------------------------------------------------------
---------------------------------------------------------------------------------
Start Applying XDC Timing Constraints
---------------------------------------------------------------------------------
---------------------------------------------------------------------------------
Finished Applying XDC Timing Constraints : Time (s): cpu = 00:00:23 ; elapsed = 00:00:41 . Memory (MB): peak = 2889.715 ; gain = 31.910 ; free physical = 1436 ; free virtual = 3719
---------------------------------------------------------------------------------
---------------------------------------------------------------------------------
Start Timing Optimization
---------------------------------------------------------------------------------
---------------------------------------------------------------------------------
Finished Timing Optimization : Time (s): cpu = 00:00:23 ; elapsed = 00:00:41 . Memory (MB): peak = 2889.715 ; gain = 31.910 ; free physical = 1436 ; free virtual = 3719
---------------------------------------------------------------------------------
---------------------------------------------------------------------------------
Start Technology Mapping
---------------------------------------------------------------------------------
---------------------------------------------------------------------------------
Finished Technology Mapping : Time (s): cpu = 00:00:23 ; elapsed = 00:00:41 . Memory (MB): peak = 2889.715 ; gain = 31.910 ; free physical = 1395 ; free virtual = 3705
---------------------------------------------------------------------------------
---------------------------------------------------------------------------------
Start IO Insertion
---------------------------------------------------------------------------------
---------------------------------------------------------------------------------
Start Flattening Before IO Insertion
---------------------------------------------------------------------------------
---------------------------------------------------------------------------------
Finished Flattening Before IO Insertion
---------------------------------------------------------------------------------
---------------------------------------------------------------------------------
Start Final Netlist Cleanup
---------------------------------------------------------------------------------
---------------------------------------------------------------------------------
Finished Final Netlist Cleanup
---------------------------------------------------------------------------------
---------------------------------------------------------------------------------
Finished IO Insertion : Time (s): cpu = 00:00:29 ; elapsed = 00:00:49 . Memory (MB): peak = 2889.715 ; gain = 31.910 ; free physical = 1436 ; free virtual = 3737
---------------------------------------------------------------------------------
---------------------------------------------------------------------------------
Start Renaming Generated Instances
---------------------------------------------------------------------------------
---------------------------------------------------------------------------------
Finished Renaming Generated Instances : Time (s): cpu = 00:00:29 ; elapsed = 00:00:49 . Memory (MB): peak = 2889.715 ; gain = 31.910 ; free physical = 1436 ; free virtual = 3737
---------------------------------------------------------------------------------
---------------------------------------------------------------------------------
Start Rebuilding User Hierarchy
---------------------------------------------------------------------------------
---------------------------------------------------------------------------------
Finished Rebuilding User Hierarchy : Time (s): cpu = 00:00:29 ; elapsed = 00:00:49 . Memory (MB): peak = 2889.715 ; gain = 31.910 ; free physical = 1436 ; free virtual = 3737
---------------------------------------------------------------------------------
---------------------------------------------------------------------------------
Start Renaming Generated Ports
---------------------------------------------------------------------------------
---------------------------------------------------------------------------------
Finished Renaming Generated Ports : Time (s): cpu = 00:00:29 ; elapsed = 00:00:49 . Memory (MB): peak = 2889.715 ; gain = 31.910 ; free physical = 1436 ; free virtual = 3737
---------------------------------------------------------------------------------
---------------------------------------------------------------------------------
Start Handling Custom Attributes
---------------------------------------------------------------------------------
---------------------------------------------------------------------------------
Finished Handling Custom Attributes : Time (s): cpu = 00:00:29 ; elapsed = 00:00:49 . Memory (MB): peak = 2889.715 ; gain = 31.910 ; free physical = 1436 ; free virtual = 3737
---------------------------------------------------------------------------------
---------------------------------------------------------------------------------
Start Renaming Generated Nets
---------------------------------------------------------------------------------
---------------------------------------------------------------------------------
Finished Renaming Generated Nets : Time (s): cpu = 00:00:29 ; elapsed = 00:00:49 . Memory (MB): peak = 2889.715 ; gain = 31.910 ; free physical = 1436 ; free virtual = 3737
---------------------------------------------------------------------------------
---------------------------------------------------------------------------------
Start Writing Synthesis Report
---------------------------------------------------------------------------------

Report BlackBoxes: 
+-+--------------+----------+
| |BlackBox name |Instances |
+-+--------------+----------+
+-+--------------+----------+

Report Cell Usage: 
+------+-----+------+
|      |Cell |Count |
+------+-----+------+
|1     |LUT3 |     3|
|2     |LUT4 |     1|
|3     |LUT5 |    27|
|4     |LUT6 |    38|
|5     |FDRE |    30|
+------+-----+------+
---------------------------------------------------------------------------------
Finished Writing Synthesis Report : Time (s): cpu = 00:00:29 ; elapsed = 00:00:49 . Memory (MB): peak = 2889.715 ; gain = 31.910 ; free physical = 1436 ; free virtual = 3737
---------------------------------------------------------------------------------
Synthesis finished with 0 errors, 0 critical warnings and 1 warnings.
Synthesis Optimization Runtime : Time (s): cpu = 00:00:27 ; elapsed = 00:00:47 . Memory (MB): peak = 2889.715 ; gain = 0.000 ; free physical = 1461 ; free virtual = 3763
Synthesis Optimization Complete : Time (s): cpu = 00:00:29 ; elapsed = 00:00:49 . Memory (MB): peak = 2889.723 ; gain = 31.910 ; free physical = 1461 ; free virtual = 3763
INFO: [Project 1-571] Translating synthesized netlist
Netlist sorting complete. Time (s): cpu = 00:00:00 ; elapsed = 00:00:00 . Memory (MB): peak = 2889.723 ; gain = 0.000 ; free physical = 1473 ; free virtual = 3775
INFO: [Project 1-570] Preparing netlist for logic optimization
INFO: [Opt 31-138] Pushed 0 inverter(s) to 0 load pin(s).
Netlist sorting complete. Time (s): cpu = 00:00:00 ; elapsed = 00:00:00 . Memory (MB): peak = 2889.723 ; gain = 0.000 ; free physical = 1602 ; free virtual = 3904
INFO: [Project 1-111] Unisim Transformation Summary:
No Unisim elements were transformed.

Synth Design complete, checksum: db6e8c44
INFO: [Common 17-83] Releasing license: Synthesis
20 Infos, 1 Warnings, 0 Critical Warnings and 0 Errors encountered.
synth_design completed successfully
synth_design: Time (s): cpu = 00:00:40 ; elapsed = 00:00:58 . Memory (MB): peak = 2889.723 ; gain = 32.023 ; free physical = 1750 ; free virtual = 4053
INFO: [Common 17-1381] The checkpoint '/home/krisemi_satcom/adi/hdl/projects/fmcomms2/zc702/fmcomms2_zc702.runs/system_rom_sys_0_0_synth_1/system_rom_sys_0_0.dcp' has been generated.
INFO: [Coretcl 2-1648] Added synthesis output to IP cache for IP system_rom_sys_0_0, cache-ID = 7ea5f6c337553b15
INFO: [Common 17-1381] The checkpoint '/home/krisemi_satcom/adi/hdl/projects/fmcomms2/zc702/fmcomms2_zc702.runs/system_rom_sys_0_0_synth_1/system_rom_sys_0_0.dcp' has been generated.
INFO: [runtcl-4] Executing : report_utilization -file system_rom_sys_0_0_utilization_synth.rpt -pb system_rom_sys_0_0_utilization_synth.pb
INFO: [Common 17-206] Exiting Vivado at Thu Jun 20 19:10:54 2024...
