Copyright 1986-2021 Xilinx, Inc. All Rights Reserved.
--------------------------------------------------------------------------------------------------------------------------------------------------------------------------------------------------------------------
| Tool Version : Vivado v.2021.2 (lin64) Build 3367213 Tue Oct 19 02:47:39 MDT 2021
| Date         : Wed Jun 26 12:37:22 2024
| Host         : krisemi-satcom-Vostro-3520 running 64-bit Ubuntu 20.04.6 LTS
| Command      : report_methodology -file design_with_dvb_s2_wrapper_methodology_drc_routed.rpt -pb design_with_dvb_s2_wrapper_methodology_drc_routed.pb -rpx design_with_dvb_s2_wrapper_methodology_drc_routed.rpx
| Design       : design_with_dvb_s2_wrapper
| Device       : xc7z020clg484-1
| Speed File   : -1
| Design State : Fully Routed
--------------------------------------------------------------------------------------------------------------------------------------------------------------------------------------------------------------------

Report Methodology

Table of Contents
-----------------
1. REPORT SUMMARY
2. REPORT DETAILS

1. REPORT SUMMARY
-----------------
            Netlist: netlist
          Floorplan: design_1
      Design limits: <entire design considered>
             Max violations: <unlimited>
             Violations found: 39
+-----------+----------+---------------------------------------------+------------+
| Rule      | Severity | Description                                 | Violations |
+-----------+----------+---------------------------------------------+------------+
| CKBF-1    | Warning  | connects_I_driver_BUFR                      | 2          |
| LUTAR-1   | Warning  | LUT drives async reset alert                | 1          |
| TIMING-9  | Warning  | Unknown CDC Logic                           | 1          |
| TIMING-10 | Warning  | Missing property on synchronizer            | 1          |
| TIMING-18 | Warning  | Missing input or output delay               | 32         |
| XDCB-5    | Warning  | Runtime inefficient way to find pin objects | 2          |
+-----------+----------+---------------------------------------------+------------+

2. REPORT DETAILS
-----------------
CKBF-1#1 Warning
connects_I_driver_BUFR  
The BUFGCTRL cell design_with_dvb_s2_i/util_ad9361_divclk/inst/i_div_clk_gbuf I0 pin is driven by a BUFR cell design_with_dvb_s2_i/util_ad9361_divclk/inst/clk_divide_sel_0. For 7-Series devices, this is not a recommended clock topology. Please analyze your clock network and remove the BUFR to BUFGCTRL cascade.
Related violations: <none>

CKBF-1#2 Warning
connects_I_driver_BUFR  
The BUFGCTRL cell design_with_dvb_s2_i/util_ad9361_divclk/inst/i_div_clk_gbuf I1 pin is driven by a BUFR cell design_with_dvb_s2_i/util_ad9361_divclk/inst/clk_divide_sel_1. For 7-Series devices, this is not a recommended clock topology. Please analyze your clock network and remove the BUFR to BUFGCTRL cascade.
Related violations: <none>

LUTAR-1#1 Warning
LUT drives async reset alert  
LUT cell design_with_dvb_s2_i/util_reduced_logic_0/inst/Res0, with 2 or more inputs, drives asynchronous preset/clear pin(s) design_with_dvb_s2_i/dvbs2_encoder_wrapper_1/U0/extend_reset_block.rst_count_reg[0]/CLR,
design_with_dvb_s2_i/dvbs2_encoder_wrapper_1/U0/extend_reset_block.rst_count_reg[1]/CLR,
design_with_dvb_s2_i/dvbs2_encoder_wrapper_1/U0/extend_reset_block.rst_count_reg[2]/CLR,
design_with_dvb_s2_i/dvbs2_encoder_wrapper_1/U0/extend_reset_block.rst_count_reg[3]/CLR
design_with_dvb_s2_i/dvbs2_encoder_wrapper_1/U0/extend_reset_block.rst_reg/PRE. The LUT may glitch and trigger an unexpected reset, even if it is a properly timed path.
Related violations: <none>

TIMING-9#1 Warning
Unknown CDC Logic  
One or more asynchronous Clock Domain Crossing has been detected between 2 clock domains through a set_false_path or a set_clock_groups or set_max_delay -datapath_only constraint but no double-registers logic synchronizer has been found on the side of the capture clock. It is recommended to run report_cdc for a complete and detailed CDC coverage. Please consider using XPM_CDC to avoid Critical severities
Related violations: <none>

TIMING-10#1 Warning
Missing property on synchronizer  
One or more logic synchronizer has been detected between 2 clock domains but the synchronizer does not have the property ASYNC_REG defined on one or both registers. It is recommended to run report_cdc for a complete and detailed CDC coverage
Related violations: <none>

TIMING-18#1 Warning
Missing input or output delay  
An input delay is missing on rx_data_in_n[0] relative to clock(s) rx_clk
Related violations: <none>

TIMING-18#2 Warning
Missing input or output delay  
An input delay is missing on rx_data_in_n[1] relative to clock(s) rx_clk
Related violations: <none>

TIMING-18#3 Warning
Missing input or output delay  
An input delay is missing on rx_data_in_n[2] relative to clock(s) rx_clk
Related violations: <none>

TIMING-18#4 Warning
Missing input or output delay  
An input delay is missing on rx_data_in_n[3] relative to clock(s) rx_clk
Related violations: <none>

TIMING-18#5 Warning
Missing input or output delay  
An input delay is missing on rx_data_in_n[4] relative to clock(s) rx_clk
Related violations: <none>

TIMING-18#6 Warning
Missing input or output delay  
An input delay is missing on rx_data_in_n[5] relative to clock(s) rx_clk
Related violations: <none>

TIMING-18#7 Warning
Missing input or output delay  
An input delay is missing on rx_data_in_p[0] relative to clock(s) rx_clk
Related violations: <none>

TIMING-18#8 Warning
Missing input or output delay  
An input delay is missing on rx_data_in_p[1] relative to clock(s) rx_clk
Related violations: <none>

TIMING-18#9 Warning
Missing input or output delay  
An input delay is missing on rx_data_in_p[2] relative to clock(s) rx_clk
Related violations: <none>

TIMING-18#10 Warning
Missing input or output delay  
An input delay is missing on rx_data_in_p[3] relative to clock(s) rx_clk
Related violations: <none>

TIMING-18#11 Warning
Missing input or output delay  
An input delay is missing on rx_data_in_p[4] relative to clock(s) rx_clk
Related violations: <none>

TIMING-18#12 Warning
Missing input or output delay  
An input delay is missing on rx_data_in_p[5] relative to clock(s) rx_clk
Related violations: <none>

TIMING-18#13 Warning
Missing input or output delay  
An input delay is missing on rx_frame_in_n relative to clock(s) rx_clk
Related violations: <none>

TIMING-18#14 Warning
Missing input or output delay  
An input delay is missing on rx_frame_in_p relative to clock(s) rx_clk
Related violations: <none>

TIMING-18#15 Warning
Missing input or output delay  
An output delay is missing on enable relative to clock(s) rx_clk
Related violations: <none>

TIMING-18#16 Warning
Missing input or output delay  
An output delay is missing on tx_clk_out_n relative to clock(s) rx_clk
Related violations: <none>

TIMING-18#17 Warning
Missing input or output delay  
An output delay is missing on tx_clk_out_p relative to clock(s) rx_clk
Related violations: <none>

TIMING-18#18 Warning
Missing input or output delay  
An output delay is missing on tx_data_out_n[0] relative to clock(s) rx_clk
Related violations: <none>

TIMING-18#19 Warning
Missing input or output delay  
An output delay is missing on tx_data_out_n[1] relative to clock(s) rx_clk
Related violations: <none>

TIMING-18#20 Warning
Missing input or output delay  
An output delay is missing on tx_data_out_n[2] relative to clock(s) rx_clk
Related violations: <none>

TIMING-18#21 Warning
Missing input or output delay  
An output delay is missing on tx_data_out_n[3] relative to clock(s) rx_clk
Related violations: <none>

TIMING-18#22 Warning
Missing input or output delay  
An output delay is missing on tx_data_out_n[4] relative to clock(s) rx_clk
Related violations: <none>

TIMING-18#23 Warning
Missing input or output delay  
An output delay is missing on tx_data_out_n[5] relative to clock(s) rx_clk
Related violations: <none>

TIMING-18#24 Warning
Missing input or output delay  
An output delay is missing on tx_data_out_p[0] relative to clock(s) rx_clk
Related violations: <none>

TIMING-18#25 Warning
Missing input or output delay  
An output delay is missing on tx_data_out_p[1] relative to clock(s) rx_clk
Related violations: <none>

TIMING-18#26 Warning
Missing input or output delay  
An output delay is missing on tx_data_out_p[2] relative to clock(s) rx_clk
Related violations: <none>

TIMING-18#27 Warning
Missing input or output delay  
An output delay is missing on tx_data_out_p[3] relative to clock(s) rx_clk
Related violations: <none>

TIMING-18#28 Warning
Missing input or output delay  
An output delay is missing on tx_data_out_p[4] relative to clock(s) rx_clk
Related violations: <none>

TIMING-18#29 Warning
Missing input or output delay  
An output delay is missing on tx_data_out_p[5] relative to clock(s) rx_clk
Related violations: <none>

TIMING-18#30 Warning
Missing input or output delay  
An output delay is missing on tx_frame_out_n relative to clock(s) rx_clk
Related violations: <none>

TIMING-18#31 Warning
Missing input or output delay  
An output delay is missing on tx_frame_out_p relative to clock(s) rx_clk
Related violations: <none>

TIMING-18#32 Warning
Missing input or output delay  
An output delay is missing on txnrx relative to clock(s) rx_clk
Related violations: <none>

XDCB-5#1 Warning
Runtime inefficient way to find pin objects  
The option '-to : [get_pins -quiet -hier *reset_sync_in_reg*/PRE -filter {NAME =~ *i_reset_manager*}]' of constraint 'set_false_path' uses inefficient query to find pin objects (see constraint position '54' in the Timing Constraint window in Vivado IDE). To reduce runtime, it is recommended to get the pins through the cell objects. Please refer to Using Constraints Guide (Constraints Efficiency). An example of optimal query is: get_pins -filter {REF_PIN_NAME=~yy*} -of_objects [get_cells -hierarchical xx*].
Current XDC: /home/krisemi_satcom/adi/hdl/projects/fmcomms2/zc702/fmcomms2_zc702.gen/sources_1/bd/design_with_dvb_s2/ip/design_with_dvb_s2_axi_ad9361_adc_dma_0/design_with_dvb_s2_axi_ad9361_adc_dma_0_constr.xdc (Line: 159)
Related violations: <none>

XDCB-5#2 Warning
Runtime inefficient way to find pin objects  
The option '-to : [get_pins -quiet -hier *reset_sync_in_reg*/PRE -filter {NAME =~ *i_reset_manager*}]' of constraint 'set_false_path' uses inefficient query to find pin objects (see constraint position '55' in the Timing Constraint window in Vivado IDE). To reduce runtime, it is recommended to get the pins through the cell objects. Please refer to Using Constraints Guide (Constraints Efficiency). An example of optimal query is: get_pins -filter {REF_PIN_NAME=~yy*} -of_objects [get_cells -hierarchical xx*].
Current XDC: /home/krisemi_satcom/adi/hdl/projects/fmcomms2/zc702/fmcomms2_zc702.gen/sources_1/bd/design_with_dvb_s2/ip/design_with_dvb_s2_axi_ad9361_adc_dma_0/design_with_dvb_s2_axi_ad9361_adc_dma_0_constr.xdc (Line: 165)
Related violations: <none>


